<?xml version="1.0" encoding="UTF-8"?>
<!-- Generated by org.testng.reporters.JUnitXMLReporter -->
<testsuite ignored="0" hostname="yaldandis-MacBook-Air.local" failures="0" tests="4" name="Default test" time="93.352" errors="0" timestamp="2026-01-22T10:14:44 IST">
  <testcase classname="testlogic.loginlogic" name="logintest" time="8.865"/>
  <testcase classname="testlogic.loginlogic" name="logintest" time="8.598"/>
  <testcase classname="testlogic.loginlogic" name="validlogin" time="8.83"/>
  <testcase classname="testlogic.loginlogic" name="validlogin" time="10.351"/>
</testsuite> <!-- Default test -->
