<?xml version="1.0" encoding="UTF-8"?>
<!-- Generated by org.testng.reporters.JUnitReportReporter -->
<testsuite hostname="yaldandis-MacBook-Air.local" failures="0" tests="4" name="testlogic.loginlogic" time="92.759" errors="0" timestamp="2026-01-22T10:14:45 IST" skipped="0">
  <testcase classname="testlogic.loginlogic" name="logintest" time="25.040"/>
  <testcase classname="testlogic.loginlogic" name="logintest" time="23.291"/>
  <testcase classname="testlogic.loginlogic" name="validlogin" time="23.024"/>
  <testcase classname="testlogic.loginlogic" name="validlogin" time="21.404"/>
</testsuite> <!-- testlogic.loginlogic -->
